Drill report for aek.kicad_pcb
Created on Thu 14 Oct 2021 09:01:31 PM EDT

Copper Layer Stackup:
    =============================================================
    L1 :  F.Cu                      front
    L2 :  B.Cu                      back


Drill file 'aek-PTH.drl' contains
    plated through holes:
    =============================================================
    T1  0.400mm  0.0157"  (478 holes)
    T2  1.000mm  0.0394"  (2 holes)
    T3  1.470mm  0.0579"  (436 holes)
    T4  5.000mm  0.1969"  (2 holes)

    Total plated holes count 918


Drill file 'aek-NPTH.drl' contains
    unplated through holes:
    =============================================================
    T1  1.750mm  0.0689"  (218 holes)
    T2  3.048mm  0.1200"  (14 holes)
    T3  3.988mm  0.1570"  (123 holes)

    Total unplated holes count 355
